<?xml version="1.0" encoding="UTF-8"?>
<!-- Generated by org.testng.reporters.JUnitReportReporter -->
<testsuite skipped="0" hostname="DESKTOP-56UM7GO" name="Ecommerce.Heroku_app" tests="6" failures="0" timestamp="2022-03-23T12:20:44 IST" time="18.103" errors="0">
  <testcase name="login" time="7.931" classname="Ecommerce.Heroku_app"/>
  <system-out/>
  <testcase name="get_all_orders" time="3.025" classname="Ecommerce.Heroku_app"/>
  <system-out/>
  <testcase name="Create_Order" time="1.952" classname="Ecommerce.Heroku_app"/>
  <system-out/>
  <testcase name="get_order_by_id" time="1.967" classname="Ecommerce.Heroku_app"/>
  <system-out/>
  <testcase name="update_order_by_id" time="1.596" classname="Ecommerce.Heroku_app"/>
  <system-out/>
  <testcase name="delete_order_by_id" time="1.632" classname="Ecommerce.Heroku_app"/>
  <system-out/>
</testsuite> <!-- Ecommerce.Heroku_app -->
